0 info it worked if it ends with ok
1 verbose cli [ 'node', '/usr/local/bin/npm', 'run', 'lint' ]
2 info using npm@2.14.2
3 info using node@v0.12.7
4 verbose node symlink /usr/local/bin/node
5 verbose run-script [ 'prelint', 'lint', 'postlint' ]
6 info prelint datalib@1.4.6
7 info lint datalib@1.4.6
8 verbose unsafe-perm in lifecycle true
9 info datalib@1.4.6 Failed to exec lint script
10 verbose stack Error: datalib@1.4.6 lint: `jshint src/`
10 verbose stack Exit status 2
10 verbose stack     at EventEmitter.<anonymous> (/usr/local/lib/node_modules/npm/lib/utils/lifecycle.js:214:16)
10 verbose stack     at EventEmitter.emit (events.js:110:17)
10 verbose stack     at ChildProcess.<anonymous> (/usr/local/lib/node_modules/npm/lib/utils/spawn.js:24:14)
10 verbose stack     at ChildProcess.emit (events.js:110:17)
10 verbose stack     at maybeClose (child_process.js:1015:16)
10 verbose stack     at Process.ChildProcess._handle.onexit (child_process.js:1087:5)
11 verbose pkgid datalib@1.4.6
12 verbose cwd /Users/michaelcorrell/Documents/Code/Javascript/datalib/src
13 error Darwin 14.5.0
14 error argv "node" "/usr/local/bin/npm" "run" "lint"
15 error node v0.12.7
16 error npm  v2.14.2
17 error code ELIFECYCLE
18 error datalib@1.4.6 lint: `jshint src/`
18 error Exit status 2
19 error Failed at the datalib@1.4.6 lint script 'jshint src/'.
19 error This is most likely a problem with the datalib package,
19 error not with npm itself.
19 error Tell the author that this fails on your system:
19 error     jshint src/
19 error You can get their info via:
19 error     npm owner ls datalib
19 error There is likely additional logging output above.
20 verbose exit [ 1, true ]
